[0m15:43:17.495931 [debug] [MainThread]: Sending event: {'category': 'dbt', 'action': 'invocation', 'label': 'start', 'context': [<snowplow_tracker.self_describing_json.SelfDescribingJson object at 0x7bf7f73d1d30>, <snowplow_tracker.self_describing_json.SelfDescribingJson object at 0x7bf7f737bec0>, <snowplow_tracker.self_describing_json.SelfDescribingJson object at 0x7bf7f92fed80>]}


============================== 15:43:17.500590 | 9cd27c3d-d0d8-4947-8d36-83e0b84a04ac ==============================
[0m15:43:17.500590 [info ] [MainThread]: Running with dbt=1.11.2
[0m15:43:17.501344 [debug] [MainThread]: running dbt with arguments {'cache_selected_only': 'False', 'log_format': 'default', 'use_experimental_parser': 'False', 'quiet': 'False', 'log_path': 'logs', 'debug': 'False', 'fail_fast': 'False', 'invocation_command': 'dbt init pokemon', 'version_check': 'True', 'indirect_selection': 'eager', 'warn_error_options': 'WarnErrorOptionsV2(error=[], warn=[], silence=[])', 'log_cache_events': 'False', 'introspect': 'True', 'target_path': 'None', 'write_json': 'True', 'partial_parse': 'True', 'empty': 'None', 'no_print': 'None', 'profiles_dir': '/home/haekal/.dbt', 'static_parser': 'True', 'use_colors': 'True', 'printer_width': '80', 'warn_error': 'None', 'send_anonymous_usage_stats': 'True'}
[0m15:43:17.520940 [info ] [MainThread]: Creating dbt configuration folder at /home/haekal/.dbt
[0m15:43:17.523549 [debug] [MainThread]: Starter project path: /home/haekal/work/training/dbt_snowflake/venv/lib/python3.12/site-packages/dbt/include/starter_project
[0m15:43:17.543206 [info ] [MainThread]: 
Your new dbt project "pokemon" was created!

For more information on how to configure the profiles.yml file,
please consult the dbt documentation here:

  https://docs.getdbt.com/docs/configure-your-profile

One more thing:

Need help? Don't hesitate to reach out to us via GitHub issues or on Slack:

  https://community.getdbt.com/

Happy modeling!

[0m15:43:17.543734 [info ] [MainThread]: Setting up your profile.
[0m15:43:23.953918 [debug] [MainThread]: Snowflake adapter: Setting snowflake.connector to ERROR (file logging only)
[0m15:43:23.954343 [debug] [MainThread]: Snowflake adapter: Setting botocore to ERROR (file logging only)
[0m15:43:23.954656 [debug] [MainThread]: Snowflake adapter: Setting boto3 to ERROR (file logging only)
[0m15:48:41.885288 [info ] [MainThread]: Profile pokemon written to /home/haekal/.dbt/profiles.yml using target's profile_template.yml and your supplied values. Run 'dbt debug' to validate the connection.
[0m15:48:41.895143 [debug] [MainThread]: Resource report: {"command_name": "init", "command_success": true, "command_wall_clock_time": 324.44046, "process_in_blocks": "100848", "process_kernel_time": 0.326126, "process_mem_max_rss": "123112", "process_out_blocks": "80", "process_user_time": 1.252165}
[0m15:48:41.896405 [debug] [MainThread]: Command `dbt init` succeeded at 15:48:41.896166 after 324.44 seconds
[0m15:48:41.897644 [debug] [MainThread]: Sending event: {'category': 'dbt', 'action': 'invocation', 'label': 'end', 'context': [<snowplow_tracker.self_describing_json.SelfDescribingJson object at 0x7bf7f735fb60>, <snowplow_tracker.self_describing_json.SelfDescribingJson object at 0x7bf7f4e12780>, <snowplow_tracker.self_describing_json.SelfDescribingJson object at 0x7bf7f5182450>]}
[0m15:48:41.900862 [debug] [MainThread]: Flushing usage events
[0m15:48:43.120650 [debug] [MainThread]: An error was encountered while trying to flush usage events
[0m15:52:26.956970 [debug] [MainThread]: Sending event: {'category': 'dbt', 'action': 'invocation', 'label': 'start', 'context': [<snowplow_tracker.self_describing_json.SelfDescribingJson object at 0x7af3be02f470>, <snowplow_tracker.self_describing_json.SelfDescribingJson object at 0x7af3c0a3b290>, <snowplow_tracker.self_describing_json.SelfDescribingJson object at 0x7af3be251a60>]}


============================== 15:52:26.960859 | e6fa008b-ef1c-4333-80f0-e4b7b3eaa0a6 ==============================
[0m15:52:26.960859 [info ] [MainThread]: Running with dbt=1.11.2
[0m15:52:26.961463 [debug] [MainThread]: running dbt with arguments {'introspect': 'True', 'send_anonymous_usage_stats': 'True', 'use_experimental_parser': 'False', 'debug': 'False', 'empty': 'None', 'fail_fast': 'False', 'version_check': 'True', 'static_parser': 'True', 'warn_error': 'None', 'quiet': 'False', 'log_format': 'default', 'printer_width': '80', 'invocation_command': 'dbt debug', 'target_path': 'None', 'no_print': 'None', 'warn_error_options': 'WarnErrorOptionsV2(error=[], warn=[], silence=[])', 'use_colors': 'True', 'write_json': 'True', 'profiles_dir': '/home/haekal/.dbt', 'log_path': 'logs', 'log_cache_events': 'False', 'indirect_selection': 'eager', 'cache_selected_only': 'False', 'partial_parse': 'True'}
[0m15:52:26.987755 [info ] [MainThread]: dbt version: 1.11.2
[0m15:52:26.988336 [info ] [MainThread]: python version: 3.12.3
[0m15:52:26.988638 [info ] [MainThread]: python path: /home/haekal/work/training/dbt_snowflake/venv/bin/python
[0m15:52:26.988880 [info ] [MainThread]: os info: Linux-6.6.87.2-microsoft-standard-WSL2-x86_64-with-glibc2.39
[0m15:52:27.319995 [debug] [MainThread]: Snowflake adapter: Setting snowflake.connector to ERROR (file logging only)
[0m15:52:27.321311 [debug] [MainThread]: Snowflake adapter: Setting botocore to ERROR (file logging only)
[0m15:52:27.321833 [debug] [MainThread]: Snowflake adapter: Setting boto3 to ERROR (file logging only)
[0m15:52:27.384017 [info ] [MainThread]: Using profiles dir at /home/haekal/.dbt
[0m15:52:27.384525 [info ] [MainThread]: Using profiles.yml file at /home/haekal/.dbt/profiles.yml
[0m15:52:27.384812 [info ] [MainThread]: Using dbt_project.yml file at /home/haekal/work/training/dbt_snowflake/dbt_project.yml
[0m15:52:27.385497 [info ] [MainThread]: adapter type: snowflake
[0m15:52:27.385841 [info ] [MainThread]: adapter version: 1.11.1
[0m15:52:27.386171 [info ] [MainThread]: Configuration:
[0m15:52:27.386423 [info ] [MainThread]:   profiles.yml file [[32mOK found and valid[0m]
[0m15:52:27.386665 [info ] [MainThread]:   dbt_project.yml file [[31mERROR not found[0m]
[0m15:52:27.387010 [info ] [MainThread]: Required dependencies:
[0m15:52:27.387409 [debug] [MainThread]: Executing "git --help"
[0m15:52:27.393863 [debug] [MainThread]: STDOUT: "b"usage: git [-v | --version] [-h | --help] [-C <path>] [-c <name>=<value>]\n           [--exec-path[=<path>]] [--html-path] [--man-path] [--info-path]\n           [-p | --paginate | -P | --no-pager] [--no-replace-objects] [--bare]\n           [--git-dir=<path>] [--work-tree=<path>] [--namespace=<name>]\n           [--config-env=<name>=<envvar>] <command> [<args>]\n\nThese are common Git commands used in various situations:\n\nstart a working area (see also: git help tutorial)\n   clone     Clone a repository into a new directory\n   init      Create an empty Git repository or reinitialize an existing one\n\nwork on the current change (see also: git help everyday)\n   add       Add file contents to the index\n   mv        Move or rename a file, a directory, or a symlink\n   restore   Restore working tree files\n   rm        Remove files from the working tree and from the index\n\nexamine the history and state (see also: git help revisions)\n   bisect    Use binary search to find the commit that introduced a bug\n   diff      Show changes between commits, commit and working tree, etc\n   grep      Print lines matching a pattern\n   log       Show commit logs\n   show      Show various types of objects\n   status    Show the working tree status\n\ngrow, mark and tweak your common history\n   branch    List, create, or delete branches\n   commit    Record changes to the repository\n   merge     Join two or more development histories together\n   rebase    Reapply commits on top of another base tip\n   reset     Reset current HEAD to the specified state\n   switch    Switch branches\n   tag       Create, list, delete or verify a tag object signed with GPG\n\ncollaborate (see also: git help workflows)\n   fetch     Download objects and refs from another repository\n   pull      Fetch from and integrate with another repository or a local branch\n   push      Update remote refs along with associated objects\n\n'git help -a' and 'git help -g' list available subcommands and some\nconcept guides. See 'git help <command>' or 'git help <concept>'\nto read about a specific subcommand or concept.\nSee 'git help git' for an overview of the system.\n""
[0m15:52:27.394825 [debug] [MainThread]: STDERR: "b''"
[0m15:52:27.395213 [info ] [MainThread]:  - git [[32mOK found[0m]

[0m15:52:27.395523 [info ] [MainThread]: Connection:
[0m15:52:27.395816 [info ] [MainThread]:   account: NYTLLEQ-AN05383
[0m15:52:27.396146 [info ] [MainThread]:   user: dbt_user
[0m15:52:27.396406 [info ] [MainThread]:   database: pokemon
[0m15:52:27.396635 [info ] [MainThread]:   warehouse: COMPUTE_WH
[0m15:52:27.396848 [info ] [MainThread]:   role: dbt_role
[0m15:52:27.397132 [info ] [MainThread]:   schema: gold
[0m15:52:27.397357 [info ] [MainThread]:   authenticator: None
[0m15:52:27.397579 [info ] [MainThread]:   oauth_client_id: None
[0m15:52:27.398117 [info ] [MainThread]:   query_tag: None
[0m15:52:27.398411 [info ] [MainThread]:   client_session_keep_alive: False
[0m15:52:27.398842 [info ] [MainThread]:   host: None
[0m15:52:27.399184 [info ] [MainThread]:   port: None
[0m15:52:27.399416 [info ] [MainThread]:   proxy_host: None
[0m15:52:27.399621 [info ] [MainThread]:   proxy_port: None
[0m15:52:27.399830 [info ] [MainThread]:   protocol: None
[0m15:52:27.400072 [info ] [MainThread]:   connect_retries: 1
[0m15:52:27.400348 [info ] [MainThread]:   connect_timeout: None
[0m15:52:27.400554 [info ] [MainThread]:   retry_on_database_errors: False
[0m15:52:27.400756 [info ] [MainThread]:   retry_all: False
[0m15:52:27.401004 [info ] [MainThread]:   insecure_mode: False
[0m15:52:27.401253 [info ] [MainThread]:   reuse_connections: True
[0m15:52:27.401456 [info ] [MainThread]:   s3_stage_vpce_dns_name: None
[0m15:52:27.401682 [info ] [MainThread]:   platform_detection_timeout_seconds: 0.0
[0m15:52:27.403428 [info ] [MainThread]: Registered adapter: snowflake=1.11.1
[0m15:52:27.477774 [debug] [MainThread]: Acquiring new snowflake connection 'debug'
[0m15:52:27.502117 [debug] [MainThread]: Using snowflake connection "debug"
[0m15:52:27.502548 [debug] [MainThread]: On debug: select 1 as id
[0m15:52:27.502798 [debug] [MainThread]: Opening a new connection, currently in state init
[0m15:52:29.800065 [debug] [MainThread]: SQL status: SUCCESS 1 in 2.297 seconds
[0m15:52:29.801112 [info ] [MainThread]:   Connection test: [[32mOK connection ok[0m]

[0m15:52:29.801522 [info ] [MainThread]: [31m1 check failed:[0m
[0m15:52:29.801815 [info ] [MainThread]: Project loading failed for the following reason:
 project path </home/haekal/work/training/dbt_snowflake/dbt_project.yml> not found

[0m15:52:29.802541 [debug] [MainThread]: Resource report: {"command_name": "debug", "command_success": false, "command_wall_clock_time": 2.8896847, "process_in_blocks": "68552", "process_kernel_time": 0.330783, "process_mem_max_rss": "139200", "process_out_blocks": "2936", "process_user_time": 1.701173}
[0m15:52:29.802925 [debug] [MainThread]: Command `dbt debug` failed at 15:52:29.802848 after 2.89 seconds
[0m15:52:29.803195 [debug] [MainThread]: Connection 'debug' was left open.
[0m15:52:29.803424 [debug] [MainThread]: On debug: Close
[0m15:52:30.107339 [debug] [MainThread]: Sending event: {'category': 'dbt', 'action': 'invocation', 'label': 'end', 'context': [<snowplow_tracker.self_describing_json.SelfDescribingJson object at 0x7af3bddb1b20>, <snowplow_tracker.self_describing_json.SelfDescribingJson object at 0x7af3bfa8c2c0>, <snowplow_tracker.self_describing_json.SelfDescribingJson object at 0x7af3bbb06e10>]}
[0m15:52:30.107842 [debug] [MainThread]: Flushing usage events
[0m15:52:31.550390 [debug] [MainThread]: An error was encountered while trying to flush usage events
